Using pre-set license
Built from '2020.2/release' branch; Version is '2020.2.2f1 (068178b99f32) revision 426360'; Using compiler version '192528614'; Build Type 'Release'
OS: 'Windows 10 Home; OS build 18363.1440; Version 1909; 64bit' Language: 'en' Physical Memory: 32694 MB
BatchMode: 1, IsHumanControllingUs: 0, StartBugReporterOnCrash: 0, Is64bit: 1, IsPro: 0

 COMMAND LINE ARGUMENTS:
C:\Users\micha\OneDrive\Desktop\2020.2.2f1\Editor\Unity.exe
-adb2
-batchMode
-noUpm
-name
AssetImportWorker0
-projectPath
C:/Users/micha/OneDrive/Documents/GitHub/Cryptozoologist
-logFile
Logs/AssetImportWorker0.log
-srvPort
63405
Successfully changed project path to: C:/Users/micha/OneDrive/Documents/GitHub/Cryptozoologist
C:/Users/micha/OneDrive/Documents/GitHub/Cryptozoologist
Using Asset Import Pipeline V2.
Refreshing native plugins compatible for Editor in 20.99 ms, found 0 plugins.
Preloading 0 native plugins for Editor in 0.00 ms.
Initialize engine version: 2020.2.2f1 (068178b99f32)
[Subsystems] Discovering subsystems at path C:/Users/micha/OneDrive/Desktop/2020.2.2f1/Editor/Data/Resources/UnitySubsystems
[Subsystems] Discovering subsystems at path C:/Users/micha/OneDrive/Documents/GitHub/Cryptozoologist/Assets
GfxDevice: creating device client; threaded=0
Direct3D:
    Version:  Direct3D 11.0 [level 11.1]
    Renderer: NVIDIA GeForce GTX 1660 SUPER (ID=0x21c4)
    Vendor:   
    VRAM:     5991 MB
    Driver:   27.21.14.5751
Initialize mono
Mono path[0] = 'C:/Users/micha/OneDrive/Desktop/2020.2.2f1/Editor/Data/Managed'
Mono path[1] = 'C:/Users/micha/OneDrive/Desktop/2020.2.2f1/Editor/Data/MonoBleedingEdge/lib/mono/unityjit'
Mono config path = 'C:/Users/micha/OneDrive/Desktop/2020.2.2f1/Editor/Data/MonoBleedingEdge/etc'
Using monoOptions --debugger-agent=transport=dt_socket,embedding=1,server=y,suspend=n,address=127.0.0.1:56924
Begin MonoManager ReloadAssembly
Registering precompiled unity dll's ...
Register platform support module: C:/Users/micha/OneDrive/Desktop/2020.2.2f1/Editor/Data/PlaybackEngines/WindowsStandaloneSupport/UnityEditor.WindowsStandalone.Extensions.dll
Registered in 0.001442 seconds.
Native extension for WindowsStandalone target not found
Refreshing native plugins compatible for Editor in 20.82 ms, found 0 plugins.
Preloading 0 native plugins for Editor in 0.00 ms.
Invoked RoslynAnalysisRunner static constructor.
RoslynAnalysisRunner will not be running.
RoslynAnalysisRunner has terminated.
Mono: successfully reloaded assembly
- Completed reload, in  1.465 seconds
Platform modules already initialized, skipping
Registering precompiled user dll's ...
Registered in 0.000540 seconds.
Begin MonoManager ReloadAssembly
Native extension for WindowsStandalone target not found
Refreshing native plugins compatible for Editor in 0.18 ms, found 0 plugins.
Preloading 0 native plugins for Editor in 0.00 ms.
Invoked RoslynAnalysisRunner static constructor.
RoslynAnalysisRunner will not be running.
RoslynAnalysisRunner has terminated.
Mono: successfully reloaded assembly
- Completed reload, in  0.622 seconds
Platform modules already initialized, skipping
========================================================================
Worker process is ready to serve import requests
Launched and connected shader compiler UnityShaderCompiler.exe after 0.02 seconds
Refreshing native plugins compatible for Editor in 0.18 ms, found 0 plugins.
Preloading 0 native plugins for Editor in 0.00 ms.
Unloading 1099 Unused Serialized files (Serialized files now loaded: 0)
System memory in use before: 56.5 MB.
System memory in use after: 56.6 MB.

Unloading 10 unused Assets to reduce memory usage. Loaded Objects now: 1540.
Total: 1.227900 ms (FindLiveObjects: 0.111300 ms CreateObjectMapping: 0.039300 ms MarkObjects: 1.019400 ms  DeleteObjects: 0.057400 ms)

========================================================================
Received Import Request.
  path: Assets
  artifactKey: Guid(00000000000000001000000000000000) Importer(815301076,1909f56bfc062723c751e8b465ee728b)
Start importing Assets using Guid(00000000000000001000000000000000) Importer(815301076,1909f56bfc062723c751e8b465ee728b)  -> (artifact id: '4a6e520b92ccfc61bcfa21a7bcab8468') in 0.007053 seconds
  Import took 0.008424 seconds .

========================================================================
Received Import Request.
  Time since last request: 3.750158 seconds.
  path: Assets/UI
  artifactKey: Guid(622edd8687418504f9836fafa662f30f) Importer(815301076,1909f56bfc062723c751e8b465ee728b)
Start importing Assets/UI using Guid(622edd8687418504f9836fafa662f30f) Importer(815301076,1909f56bfc062723c751e8b465ee728b)  -> (artifact id: 'ec459b1543f021e36b484a9230e9d95b') in 0.005466 seconds
  Import took 0.006845 seconds .

========================================================================
Received Import Request.
  Time since last request: 385.694554 seconds.
  path: Assets/UI/CZOutline.psd
  artifactKey: Guid(6d467559bb43129458c2f5869b7a276d) Importer(815301076,1909f56bfc062723c751e8b465ee728b)
Start importing Assets/UI/CZOutline.psd using Guid(6d467559bb43129458c2f5869b7a276d) Importer(815301076,1909f56bfc062723c751e8b465ee728b)  -> (artifact id: '66ff62565d44c79d0e46fbe18eac6cab') in 0.051507 seconds
  Import took 0.053216 seconds .

========================================================================
Received Import Request.
  Time since last request: 10.208346 seconds.
  path: Assets/UI/CZTextbox.psd
  artifactKey: Guid(480f6aa781f8977469673fefb914f41b) Importer(815301076,1909f56bfc062723c751e8b465ee728b)
Start importing Assets/UI/CZTextbox.psd using Guid(480f6aa781f8977469673fefb914f41b) Importer(815301076,1909f56bfc062723c751e8b465ee728b)  -> (artifact id: '0f010b0178342a36b152420d8db28853') in 0.020341 seconds
  Import took 0.021840 seconds .

========================================================================
Received Import Request.
  Time since last request: 61.812281 seconds.
  path: Assets/UI/OhioMap.psd
  artifactKey: Guid(5449ea5421582364a8169972ba71a536) Importer(815301076,1909f56bfc062723c751e8b465ee728b)
Start importing Assets/UI/OhioMap.psd using Guid(5449ea5421582364a8169972ba71a536) Importer(815301076,1909f56bfc062723c751e8b465ee728b)  -> (artifact id: 'd726db7cee8627ce56a941265869dc80') in 0.014504 seconds
  Import took 0.016190 seconds .

========================================================================
Received Import Request.
  Time since last request: 5.273718 seconds.
  path: Assets/UI/OhioMap.psd
  artifactKey: Guid(5449ea5421582364a8169972ba71a536) Importer(815301076,1909f56bfc062723c751e8b465ee728b)
Start importing Assets/UI/OhioMap.psd using Guid(5449ea5421582364a8169972ba71a536) Importer(815301076,1909f56bfc062723c751e8b465ee728b)  -> (artifact id: 'cfefcce50a27067e120d157033507ce5') in 0.043403 seconds
  Import took 0.044907 seconds .

========================================================================
Received Import Request.
  Time since last request: 5.474538 seconds.
  path: Assets/UI/CZTextbox.psd
  artifactKey: Guid(480f6aa781f8977469673fefb914f41b) Importer(815301076,1909f56bfc062723c751e8b465ee728b)
Start importing Assets/UI/CZTextbox.psd using Guid(480f6aa781f8977469673fefb914f41b) Importer(815301076,1909f56bfc062723c751e8b465ee728b)  -> (artifact id: 'adf4443a6a5d90487bdd7de69123f05a') in 0.018661 seconds
  Import took 0.020323 seconds .

========================================================================
Received Prepare
Registering precompiled user dll's ...
Registered in 0.000512 seconds.
Begin MonoManager ReloadAssembly
Native extension for WindowsStandalone target not found
Refreshing native plugins compatible for Editor in 0.20 ms, found 0 plugins.
Preloading 0 native plugins for Editor in 0.00 ms.
Invoked RoslynAnalysisRunner static constructor.
RoslynAnalysisRunner will not be running.
RoslynAnalysisRunner has terminated.
Mono: successfully reloaded assembly
- Completed reload, in  0.578 seconds
Platform modules already initialized, skipping
Refreshing native plugins compatible for Editor in 0.18 ms, found 0 plugins.
Preloading 0 native plugins for Editor in 0.00 ms.
Unloading 1108 Unused Serialized files (Serialized files now loaded: 0)
System memory in use before: 61.3 MB.
System memory in use after: 60.8 MB.

Unloading 18 unused Assets to reduce memory usage. Loaded Objects now: 1553.
Total: 1.682500 ms (FindLiveObjects: 0.130400 ms CreateObjectMapping: 0.036500 ms MarkObjects: 1.262700 ms  DeleteObjects: 0.252300 ms)

========================================================================
Received Prepare
Registering precompiled user dll's ...
Registered in 0.000436 seconds.
Begin MonoManager ReloadAssembly
Native extension for WindowsStandalone target not found
Refreshing native plugins compatible for Editor in 0.19 ms, found 0 plugins.
Preloading 0 native plugins for Editor in 0.00 ms.
Invoked RoslynAnalysisRunner static constructor.
RoslynAnalysisRunner will not be running.
RoslynAnalysisRunner has terminated.
Mono: successfully reloaded assembly
- Completed reload, in  0.586 seconds
Platform modules already initialized, skipping
Refreshing native plugins compatible for Editor in 0.18 ms, found 0 plugins.
Preloading 0 native plugins for Editor in 0.00 ms.
Unloading 1109 Unused Serialized files (Serialized files now loaded: 0)
System memory in use before: 61.4 MB.
System memory in use after: 60.9 MB.

Unloading 18 unused Assets to reduce memory usage. Loaded Objects now: 1556.
Total: 1.418500 ms (FindLiveObjects: 0.116900 ms CreateObjectMapping: 0.032100 ms MarkObjects: 1.013900 ms  DeleteObjects: 0.254800 ms)

========================================================================
Received Prepare
Registering precompiled user dll's ...
Registered in 0.000544 seconds.
Begin MonoManager ReloadAssembly
Native extension for WindowsStandalone target not found
Refreshing native plugins compatible for Editor in 0.19 ms, found 0 plugins.
Preloading 0 native plugins for Editor in 0.00 ms.
Invoked RoslynAnalysisRunner static constructor.
RoslynAnalysisRunner will not be running.
RoslynAnalysisRunner has terminated.
Mono: successfully reloaded assembly
- Completed reload, in  0.578 seconds
Platform modules already initialized, skipping
Refreshing native plugins compatible for Editor in 0.22 ms, found 0 plugins.
Preloading 0 native plugins for Editor in 0.00 ms.
Unloading 1110 Unused Serialized files (Serialized files now loaded: 0)
System memory in use before: 61.6 MB.
System memory in use after: 61.1 MB.

Unloading 18 unused Assets to reduce memory usage. Loaded Objects now: 1559.
Total: 1.417300 ms (FindLiveObjects: 0.107000 ms CreateObjectMapping: 0.033800 ms MarkObjects: 1.034700 ms  DeleteObjects: 0.241200 ms)

========================================================================
Received Prepare
Registering precompiled user dll's ...
Registered in 0.000603 seconds.
Begin MonoManager ReloadAssembly
Native extension for WindowsStandalone target not found
Refreshing native plugins compatible for Editor in 0.19 ms, found 0 plugins.
Preloading 0 native plugins for Editor in 0.00 ms.
Invoked RoslynAnalysisRunner static constructor.
RoslynAnalysisRunner will not be running.
RoslynAnalysisRunner has terminated.
Mono: successfully reloaded assembly
- Completed reload, in  0.585 seconds
Platform modules already initialized, skipping
Refreshing native plugins compatible for Editor in 0.18 ms, found 0 plugins.
Preloading 0 native plugins for Editor in 0.00 ms.
Unloading 1111 Unused Serialized files (Serialized files now loaded: 0)
System memory in use before: 61.7 MB.
System memory in use after: 61.2 MB.

Unloading 18 unused Assets to reduce memory usage. Loaded Objects now: 1562.
Total: 1.342200 ms (FindLiveObjects: 0.102200 ms CreateObjectMapping: 0.026700 ms MarkObjects: 0.960300 ms  DeleteObjects: 0.252200 ms)

========================================================================
Received Prepare
Registering precompiled user dll's ...
Registered in 0.000536 seconds.
Begin MonoManager ReloadAssembly
Native extension for WindowsStandalone target not found
Refreshing native plugins compatible for Editor in 0.20 ms, found 0 plugins.
Preloading 0 native plugins for Editor in 0.00 ms.
Invoked RoslynAnalysisRunner static constructor.
RoslynAnalysisRunner will not be running.
RoslynAnalysisRunner has terminated.
Mono: successfully reloaded assembly
- Completed reload, in  0.576 seconds
Platform modules already initialized, skipping
Refreshing native plugins compatible for Editor in 0.19 ms, found 0 plugins.
Preloading 0 native plugins for Editor in 0.00 ms.
Unloading 1112 Unused Serialized files (Serialized files now loaded: 0)
System memory in use before: 61.8 MB.
System memory in use after: 61.3 MB.

Unloading 18 unused Assets to reduce memory usage. Loaded Objects now: 1565.
Total: 1.398000 ms (FindLiveObjects: 0.116200 ms CreateObjectMapping: 0.035400 ms MarkObjects: 0.984100 ms  DeleteObjects: 0.261600 ms)

========================================================================
Received Prepare
Registering precompiled user dll's ...
Registered in 0.000452 seconds.
Begin MonoManager ReloadAssembly
Native extension for WindowsStandalone target not found
Refreshing native plugins compatible for Editor in 0.19 ms, found 0 plugins.
Preloading 0 native plugins for Editor in 0.00 ms.
Invoked RoslynAnalysisRunner static constructor.
RoslynAnalysisRunner will not be running.
RoslynAnalysisRunner has terminated.
Mono: successfully reloaded assembly
- Completed reload, in  0.573 seconds
Platform modules already initialized, skipping
Refreshing native plugins compatible for Editor in 0.19 ms, found 0 plugins.
Preloading 0 native plugins for Editor in 0.00 ms.
Unloading 1112 Unused Serialized files (Serialized files now loaded: 0)
System memory in use before: 61.8 MB.
System memory in use after: 61.3 MB.

Unloading 18 unused Assets to reduce memory usage. Loaded Objects now: 1567.
Total: 1.439200 ms (FindLiveObjects: 0.105700 ms CreateObjectMapping: 0.028500 ms MarkObjects: 1.043700 ms  DeleteObjects: 0.260400 ms)

========================================================================
Received Prepare
Registering precompiled user dll's ...
Registered in 0.000463 seconds.
Begin MonoManager ReloadAssembly
Native extension for WindowsStandalone target not found
Refreshing native plugins compatible for Editor in 0.19 ms, found 0 plugins.
Preloading 0 native plugins for Editor in 0.00 ms.
Invoked RoslynAnalysisRunner static constructor.
RoslynAnalysisRunner will not be running.
RoslynAnalysisRunner has terminated.
Mono: successfully reloaded assembly
- Completed reload, in  0.576 seconds
Platform modules already initialized, skipping
Refreshing native plugins compatible for Editor in 0.19 ms, found 0 plugins.
Preloading 0 native plugins for Editor in 0.00 ms.
Unloading 1112 Unused Serialized files (Serialized files now loaded: 0)
System memory in use before: 61.9 MB.
System memory in use after: 61.4 MB.

Unloading 18 unused Assets to reduce memory usage. Loaded Objects now: 1569.
Total: 1.419600 ms (FindLiveObjects: 0.128300 ms CreateObjectMapping: 0.035800 ms MarkObjects: 0.994700 ms  DeleteObjects: 0.260100 ms)

========================================================================
Received Prepare
Registering precompiled user dll's ...
Registered in 0.000479 seconds.
Begin MonoManager ReloadAssembly
Native extension for WindowsStandalone target not found
Refreshing native plugins compatible for Editor in 0.19 ms, found 0 plugins.
Preloading 0 native plugins for Editor in 0.00 ms.
Invoked RoslynAnalysisRunner static constructor.
RoslynAnalysisRunner will not be running.
RoslynAnalysisRunner has terminated.
Mono: successfully reloaded assembly
- Completed reload, in  0.577 seconds
Platform modules already initialized, skipping
Refreshing native plugins compatible for Editor in 0.18 ms, found 0 plugins.
Preloading 0 native plugins for Editor in 0.00 ms.
Unloading 1112 Unused Serialized files (Serialized files now loaded: 0)
System memory in use before: 62.0 MB.
System memory in use after: 61.5 MB.

Unloading 18 unused Assets to reduce memory usage. Loaded Objects now: 1571.
Total: 1.506300 ms (FindLiveObjects: 0.106400 ms CreateObjectMapping: 0.029900 ms MarkObjects: 1.107100 ms  DeleteObjects: 0.262100 ms)

========================================================================
Received Prepare
Registering precompiled user dll's ...
Registered in 0.000531 seconds.
Begin MonoManager ReloadAssembly
Native extension for WindowsStandalone target not found
Refreshing native plugins compatible for Editor in 0.23 ms, found 0 plugins.
Preloading 0 native plugins for Editor in 0.00 ms.
Invoked RoslynAnalysisRunner static constructor.
RoslynAnalysisRunner will not be running.
RoslynAnalysisRunner has terminated.
Mono: successfully reloaded assembly
- Completed reload, in  0.573 seconds
Platform modules already initialized, skipping
Refreshing native plugins compatible for Editor in 0.18 ms, found 0 plugins.
Preloading 0 native plugins for Editor in 0.00 ms.
Unloading 1112 Unused Serialized files (Serialized files now loaded: 0)
System memory in use before: 62.0 MB.
System memory in use after: 61.5 MB.

Unloading 18 unused Assets to reduce memory usage. Loaded Objects now: 1573.
Total: 1.429600 ms (FindLiveObjects: 0.114200 ms CreateObjectMapping: 0.030800 ms MarkObjects: 1.026400 ms  DeleteObjects: 0.257600 ms)

========================================================================
Received Prepare
Registering precompiled user dll's ...
Registered in 0.000511 seconds.
Begin MonoManager ReloadAssembly
Native extension for WindowsStandalone target not found
Refreshing native plugins compatible for Editor in 0.19 ms, found 0 plugins.
Preloading 0 native plugins for Editor in 0.00 ms.
Invoked RoslynAnalysisRunner static constructor.
RoslynAnalysisRunner will not be running.
RoslynAnalysisRunner has terminated.
Mono: successfully reloaded assembly
- Completed reload, in  0.572 seconds
Platform modules already initialized, skipping
Refreshing native plugins compatible for Editor in 0.18 ms, found 0 plugins.
Preloading 0 native plugins for Editor in 0.00 ms.
Unloading 1112 Unused Serialized files (Serialized files now loaded: 0)
System memory in use before: 62.1 MB.
System memory in use after: 61.6 MB.

Unloading 18 unused Assets to reduce memory usage. Loaded Objects now: 1575.
Total: 1.405800 ms (FindLiveObjects: 0.103200 ms CreateObjectMapping: 0.026500 ms MarkObjects: 1.011800 ms  DeleteObjects: 0.263800 ms)

========================================================================
Received Prepare
Registering precompiled user dll's ...
Registered in 0.000496 seconds.
Begin MonoManager ReloadAssembly
Native extension for WindowsStandalone target not found
Refreshing native plugins compatible for Editor in 0.23 ms, found 0 plugins.
Preloading 0 native plugins for Editor in 0.00 ms.
Invoked RoslynAnalysisRunner static constructor.
RoslynAnalysisRunner will not be running.
RoslynAnalysisRunner has terminated.
Mono: successfully reloaded assembly
- Completed reload, in  0.574 seconds
Platform modules already initialized, skipping
Refreshing native plugins compatible for Editor in 0.18 ms, found 0 plugins.
Preloading 0 native plugins for Editor in 0.00 ms.
Unloading 1112 Unused Serialized files (Serialized files now loaded: 0)
System memory in use before: 62.2 MB.
System memory in use after: 61.7 MB.

Unloading 18 unused Assets to reduce memory usage. Loaded Objects now: 1577.
Total: 1.488900 ms (FindLiveObjects: 0.111200 ms CreateObjectMapping: 0.034100 ms MarkObjects: 1.054900 ms  DeleteObjects: 0.287800 ms)

========================================================================
Received Prepare
Registering precompiled user dll's ...
Registered in 0.000515 seconds.
Begin MonoManager ReloadAssembly
Native extension for WindowsStandalone target not found
Refreshing native plugins compatible for Editor in 0.20 ms, found 0 plugins.
Preloading 0 native plugins for Editor in 0.00 ms.
Invoked RoslynAnalysisRunner static constructor.
RoslynAnalysisRunner will not be running.
RoslynAnalysisRunner has terminated.
Mono: successfully reloaded assembly
- Completed reload, in  0.585 seconds
Platform modules already initialized, skipping
Refreshing native plugins compatible for Editor in 0.20 ms, found 0 plugins.
Preloading 0 native plugins for Editor in 0.00 ms.
Unloading 1112 Unused Serialized files (Serialized files now loaded: 0)
System memory in use before: 62.3 MB.
System memory in use after: 61.7 MB.

Unloading 18 unused Assets to reduce memory usage. Loaded Objects now: 1579.
Total: 1.448700 ms (FindLiveObjects: 0.119800 ms CreateObjectMapping: 0.031600 ms MarkObjects: 1.032600 ms  DeleteObjects: 0.263800 ms)

========================================================================
Received Prepare
Registering precompiled user dll's ...
Registered in 0.000532 seconds.
Begin MonoManager ReloadAssembly
Native extension for WindowsStandalone target not found
Refreshing native plugins compatible for Editor in 0.20 ms, found 0 plugins.
Preloading 0 native plugins for Editor in 0.00 ms.
Invoked RoslynAnalysisRunner static constructor.
RoslynAnalysisRunner will not be running.
RoslynAnalysisRunner has terminated.
Mono: successfully reloaded assembly
- Completed reload, in  0.596 seconds
Platform modules already initialized, skipping
Refreshing native plugins compatible for Editor in 0.19 ms, found 0 plugins.
Preloading 0 native plugins for Editor in 0.00 ms.
Unloading 1112 Unused Serialized files (Serialized files now loaded: 0)
System memory in use before: 62.3 MB.
System memory in use after: 61.8 MB.

Unloading 18 unused Assets to reduce memory usage. Loaded Objects now: 1581.
Total: 1.534900 ms (FindLiveObjects: 0.122400 ms CreateObjectMapping: 0.040000 ms MarkObjects: 1.067900 ms  DeleteObjects: 0.303800 ms)

========================================================================
Received Prepare
Registering precompiled user dll's ...
Registered in 0.000500 seconds.
Begin MonoManager ReloadAssembly
Native extension for WindowsStandalone target not found
Refreshing native plugins compatible for Editor in 0.21 ms, found 0 plugins.
Preloading 0 native plugins for Editor in 0.00 ms.
Invoked RoslynAnalysisRunner static constructor.
RoslynAnalysisRunner will not be running.
RoslynAnalysisRunner has terminated.
Mono: successfully reloaded assembly
- Completed reload, in  0.602 seconds
Platform modules already initialized, skipping
Refreshing native plugins compatible for Editor in 0.18 ms, found 0 plugins.
Preloading 0 native plugins for Editor in 0.00 ms.
Unloading 1112 Unused Serialized files (Serialized files now loaded: 0)
System memory in use before: 62.4 MB.
System memory in use after: 61.9 MB.

Unloading 18 unused Assets to reduce memory usage. Loaded Objects now: 1583.
Total: 1.451700 ms (FindLiveObjects: 0.123700 ms CreateObjectMapping: 0.030500 ms MarkObjects: 1.021000 ms  DeleteObjects: 0.275600 ms)

========================================================================
Received Prepare
Registering precompiled user dll's ...
Registered in 0.000431 seconds.
Begin MonoManager ReloadAssembly
Native extension for WindowsStandalone target not found
Refreshing native plugins compatible for Editor in 0.19 ms, found 0 plugins.
Preloading 0 native plugins for Editor in 0.00 ms.
Invoked RoslynAnalysisRunner static constructor.
RoslynAnalysisRunner will not be running.
RoslynAnalysisRunner has terminated.
Mono: successfully reloaded assembly
- Completed reload, in  0.571 seconds
Platform modules already initialized, skipping
Refreshing native plugins compatible for Editor in 0.19 ms, found 0 plugins.
Preloading 0 native plugins for Editor in 0.00 ms.
Unloading 1112 Unused Serialized files (Serialized files now loaded: 0)
System memory in use before: 62.4 MB.
System memory in use after: 61.9 MB.

Unloading 18 unused Assets to reduce memory usage. Loaded Objects now: 1585.
Total: 1.595100 ms (FindLiveObjects: 0.115900 ms CreateObjectMapping: 0.036700 ms MarkObjects: 1.163700 ms  DeleteObjects: 0.277800 ms)

========================================================================
Received Prepare
Registering precompiled user dll's ...
Registered in 0.000501 seconds.
Begin MonoManager ReloadAssembly
Native extension for WindowsStandalone target not found
Refreshing native plugins compatible for Editor in 0.20 ms, found 0 plugins.
Preloading 0 native plugins for Editor in 0.00 ms.
Invoked RoslynAnalysisRunner static constructor.
RoslynAnalysisRunner will not be running.
RoslynAnalysisRunner has terminated.
Mono: successfully reloaded assembly
- Completed reload, in  0.579 seconds
Platform modules already initialized, skipping
Refreshing native plugins compatible for Editor in 0.18 ms, found 0 plugins.
Preloading 0 native plugins for Editor in 0.00 ms.
Unloading 1112 Unused Serialized files (Serialized files now loaded: 0)
System memory in use before: 62.5 MB.
System memory in use after: 62.0 MB.

Unloading 18 unused Assets to reduce memory usage. Loaded Objects now: 1587.
Total: 1.454200 ms (FindLiveObjects: 0.114400 ms CreateObjectMapping: 0.031600 ms MarkObjects: 1.045400 ms  DeleteObjects: 0.261600 ms)

========================================================================
Received Prepare
Registering precompiled user dll's ...
Registered in 0.000545 seconds.
Begin MonoManager ReloadAssembly
Native extension for WindowsStandalone target not found
Refreshing native plugins compatible for Editor in 0.19 ms, found 0 plugins.
Preloading 0 native plugins for Editor in 0.00 ms.
Invoked RoslynAnalysisRunner static constructor.
RoslynAnalysisRunner will not be running.
RoslynAnalysisRunner has terminated.
Mono: successfully reloaded assembly
- Completed reload, in  0.571 seconds
Platform modules already initialized, skipping
Refreshing native plugins compatible for Editor in 0.18 ms, found 0 plugins.
Preloading 0 native plugins for Editor in 0.00 ms.
Unloading 1112 Unused Serialized files (Serialized files now loaded: 0)
System memory in use before: 62.6 MB.
System memory in use after: 62.1 MB.

Unloading 18 unused Assets to reduce memory usage. Loaded Objects now: 1589.
Total: 1.413800 ms (FindLiveObjects: 0.103100 ms CreateObjectMapping: 0.031800 ms MarkObjects: 1.002700 ms  DeleteObjects: 0.275600 ms)

========================================================================
Received Prepare
Registering precompiled user dll's ...
Registered in 0.000499 seconds.
Begin MonoManager ReloadAssembly
Native extension for WindowsStandalone target not found
Refreshing native plugins compatible for Editor in 0.19 ms, found 0 plugins.
Preloading 0 native plugins for Editor in 0.00 ms.
Invoked RoslynAnalysisRunner static constructor.
RoslynAnalysisRunner will not be running.
RoslynAnalysisRunner has terminated.
Mono: successfully reloaded assembly
- Completed reload, in  0.585 seconds
Platform modules already initialized, skipping
Refreshing native plugins compatible for Editor in 0.18 ms, found 0 plugins.
Preloading 0 native plugins for Editor in 0.00 ms.
Unloading 1112 Unused Serialized files (Serialized files now loaded: 0)
System memory in use before: 62.7 MB.
System memory in use after: 62.2 MB.

Unloading 18 unused Assets to reduce memory usage. Loaded Objects now: 1591.
Total: 1.461800 ms (FindLiveObjects: 0.128900 ms CreateObjectMapping: 0.033000 ms MarkObjects: 1.030300 ms  DeleteObjects: 0.268700 ms)

========================================================================
Received Prepare
Registering precompiled user dll's ...
Registered in 0.000473 seconds.
Begin MonoManager ReloadAssembly
Native extension for WindowsStandalone target not found
Refreshing native plugins compatible for Editor in 0.21 ms, found 0 plugins.
Preloading 0 native plugins for Editor in 0.00 ms.
Invoked RoslynAnalysisRunner static constructor.
RoslynAnalysisRunner will not be running.
RoslynAnalysisRunner has terminated.
Mono: successfully reloaded assembly
- Completed reload, in  0.592 seconds
Platform modules already initialized, skipping
Refreshing native plugins compatible for Editor in 0.18 ms, found 0 plugins.
Preloading 0 native plugins for Editor in 0.00 ms.
Unloading 1112 Unused Serialized files (Serialized files now loaded: 0)
System memory in use before: 62.7 MB.
System memory in use after: 62.2 MB.

Unloading 18 unused Assets to reduce memory usage. Loaded Objects now: 1593.
Total: 1.540900 ms (FindLiveObjects: 0.142000 ms CreateObjectMapping: 0.036000 ms MarkObjects: 1.085800 ms  DeleteObjects: 0.276100 ms)

AssetImportWorkerClient::OnTransportError - code=2 error=End of file
